<?xml version="1.0" encoding="UTF-8"?>
<!-- Generated by org.testng.reporters.JUnitReportReporter -->
<testsuite hostname="Nitdeep" name="TestSuit.HomeSuit" tests="1" failures="0" timestamp="30 Nov 2019 19:01:30 GMT" time="12.576" errors="0">
  <testcase name="date" time="12.576" classname="TestSuit.HomeSuit"/>
</testsuite> <!-- TestSuit.HomeSuit -->
